{"content": {"suites": {"0": {"status": {"total_pass": 1, "total_skip": 0, "total_xpass": 0, "total_xfail": 0, "total_rerun": 0, "total_fail": 0, "total_error": 0}, "tests": {"0": {"status": "PASS", "message": "", "test_name": "test_healthcheck", "rerun": "0"}}, "suite_name": "automation/tests/test_healthcheck.py"}, "1": {"suite_name": "automation/tests/backend/coupon/test_create_coupon_smoke.py", "tests": {"0": {"status": "FAIL", "message": "   AssertionError: Bad Status Code.Expected 201, Actual status code 400,URL: http://localhost:8888/quicksite/wp-json/wc/v3/coupons?oauth_consumer_key=ck_2acbf20d372530bbcdd541f3446c7dfba2e483a7&oauth_timestamp=1686931014&oauth_nonce=a4966a240fac0d5beb0d512cbeea5875b158d4a8&oauth_signature_method=HMAC-SHA256&oauth_signature=67QY%2B8eNDN4vE2d5QbY2VhzT1UN3aKVgkiCupJ4kWI4%3D, Response Json: {'code': 'woocommerce_rest_coupon_code_already_exists', 'message': 'The coupon code already exists', 'data': {'status': 400}}\n", "test_name": "test_create_27_0ff_coupon_code", "rerun": "0"}}, "status": {"total_pass": 0, "total_skip": 0, "total_xpass": 0, "total_xfail": 0, "total_rerun": 0, "total_fail": 1, "total_error": 0}}, "2": {"suite_name": "automation/tests/backend/customer/test_creat_costumer_smoke.py", "tests": {"0": {"status": "PASS", "message": "", "test_name": "test_create_customer_only_email_password", "rerun": "0"}, "1": {"status": "PASS", "message": "", "test_name": "test_create_customer_fail_for_existing_email", "rerun": "0"}, "2": {"status": "PASS", "message": "", "test_name": "test_create_customer_fail_when_no_password_is_provided", "rerun": "0"}, "3": {"status": "PASS", "message": "", "test_name": "test_create_customer_veriy_name_is_empty_string", "rerun": "0"}, "4": {"status": "PASS", "message": "", "test_name": "test_username_autogenrated_by_based_on_email", "rerun": "0"}, "5": {"status": "PASS", "message": "", "test_name": "test_get_customers_lists_all_users", "rerun": "0"}}, "status": {"total_pass": 6, "total_skip": 0, "total_xpass": 0, "total_xfail": 0, "total_rerun": 0, "total_fail": 0, "total_error": 0}}, "3": {"suite_name": "automation/tests/backend/products/test_get_products_smoke.py", "tests": {"0": {"status": "PASS", "message": "", "test_name": "test_get_all_products_returns_not_empty", "rerun": "0"}, "1": {"status": "PASS", "message": "", "test_name": "test_get_product_by_id", "rerun": "0"}, "2": {"status": "PASS", "message": "", "test_name": "test_create_simple_product", "rerun": "0"}, "3": {"status": "PASS", "message": "", "test_name": "test_list_products_with_after_filter", "rerun": "0"}, "4": {"status": "PASS", "message": "", "test_name": "test_update_regular_price", "rerun": "0"}}, "status": {"total_pass": 5, "total_skip": 0, "total_xpass": 0, "total_xfail": 0, "total_rerun": 0, "total_fail": 0, "total_error": 0}}, "4": {"suite_name": "automation/tests/frontend/HomePage/test_banner_verify.py", "tests": {"0": {"status": "FAIL", "message": "   selenium.common.exceptions.TimeoutException: Message: Element with locator ('css selector', 'td div.wpfront-message.wpfront-div strong') not found after timeout of 5\n   Stacktrace:\n   0   chromedriver                        0x000000010f60cae8 chromedriver + 4958952\n   1   chromedriver                        0x000000010f6047b3 chromedriver + 4925363\n   2   chromedriver                        0x000000010f1c61d6 chromedriver + 475606\n   3   chromedriver                        0x000000010f209a20 chromedriver + 752160\n   4   chromedriver                        0x000000010f209c81 chromedriver + 752769\n   5   chromedriver                        0x000000010f24df64 chromedriver + 1032036\n   6   chromedriver                        0x000000010f22fc3d chromedriver + 908349\n   7   chromedriver                        0x000000010f24b25b chromedriver + 1020507\n   8   chromedriver                        0x000000010f22f9e3 chromedriver + 907747\n   9   chromedriver                        0x000000010f1f9aef chromedriver + 686831\n   10  chromedriver                        0x000000010f1fb00e chromedriver + 692238\n   11  chromedriver                        0x000000010f5c89ad chromedriver + 4680109\n   12  chromedriver                        0x000000010f5cdc12 chromedriver + 4701202\n   13  chromedriver                        0x000000010f5d479f chromedriver + 4728735\n   14  chromedriver                        0x000000010f5ceb7a chromedriver + 4705146\n   15  chromedriver                        0x000000010f5a127e chromedriver + 4518526\n   16  chromedriver                        0x000000010f5ee908 chromedriver + 4835592\n   17  chromedriver                        0x000000010f5eea87 chromedriver + 4835975\n   18  chromedriver                        0x000000010f5fe00f chromedriver + 4898831\n   19  libsystem_pthread.dylib             0x00007fff71304109 _pthread_start + 148\n   20  libsystem_pthread.dylib             0x00007fff712ffb8b thread_start + 15\n", "test_name": "test_banner_isdisplayed", "rerun": "0"}, "1": {"status": "PASS", "message": "", "test_name": "test_verify_home_heading_is_displayed", "rerun": "0"}}, "status": {"total_pass": 1, "total_skip": 0, "total_xpass": 0, "total_xfail": 0, "total_rerun": 0, "total_fail": 1, "total_error": 0}}, "5": {"suite_name": "automation/tests/frontend/HomePage/test_product_name_display.py", "tests": {"0": {"status": "PASS", "message": "", "test_name": "test_product_name_as_string", "rerun": "0"}}, "status": {"total_pass": 1, "total_skip": 0, "total_xpass": 0, "total_xfail": 0, "total_rerun": 0, "total_fail": 0, "total_error": 0}}, "6": {"suite_name": "automation/tests/frontend/end_to_end/test_end_to_end_checkout_guest_user.py", "tests": {"0": {"status": "PASS", "message": "", "test_name": "test_end_to_end_checkout_guest_user", "rerun": "0"}}, "status": {"total_pass": 1, "total_skip": 0, "total_xpass": 0, "total_xfail": 0, "total_rerun": 0, "total_fail": 0, "total_error": 0}}, "7": {"suite_name": "automation/tests/frontend/my_account/test_login_negative.py", "tests": {"0": {"status": "PASS", "message": "", "test_name": "test_login_none_existing_user", "rerun": "0"}}, "status": {"total_pass": 1, "total_skip": 0, "total_xpass": 0, "total_xfail": 0, "total_rerun": 0, "total_fail": 0, "total_error": 0}}, "8": {"suite_name": "automation/tests/frontend/my_account/test_register_new_user.py", "tests": {"0": {"status": "PASS", "message": "", "test_name": "test_register_valid_new_user", "rerun": "0"}}, "status": {"total_pass": 1, "total_skip": 0, "total_xpass": 0, "total_xfail": 0, "total_rerun": 0, "total_fail": 0, "total_error": 0}}}}, "date": "June 16, 2023", "start_time": 1686931066.910626, "total_suite": 9, "status": "FAIL", "status_list": {"pass": "17", "fail": "2", "skip": "0", "error": "0", "xpass": "0", "xfail": "0", "rerun": "0"}, "total_tests": "19"}