{"content": {"suites": {"0": {"status": {"total_pass": 0, "total_skip": 0, "total_xpass": 0, "total_xfail": 0, "total_rerun": 0, "total_fail": 1, "total_error": 0}, "tests": {"0": {"status": "FAIL", "message": "   selenium.common.exceptions.TimeoutException: Message: Element with locator ('css selector', 'td div.wpfront-message.wpfront-div strong') not found after timeout of 5\n   Stacktrace:\n   0   chromedriver                        0x000000010f6dfae8 chromedriver + 4958952\n   1   chromedriver                        0x000000010f6d77b3 chromedriver + 4925363\n   2   chromedriver                        0x000000010f2991d6 chromedriver + 475606\n   3   chromedriver                        0x000000010f2dca20 chromedriver + 752160\n   4   chromedriver                        0x000000010f2dcc81 chromedriver + 752769\n   5   chromedriver                        0x000000010f320f64 chromedriver + 1032036\n   6   chromedriver                        0x000000010f302c3d chromedriver + 908349\n   7   chromedriver                        0x000000010f31e25b chromedriver + 1020507\n   8   chromedriver                        0x000000010f3029e3 chromedriver + 907747\n   9   chromedriver                        0x000000010f2ccaef chromedriver + 686831\n   10  chromedriver                        0x000000010f2ce00e chromedriver + 692238\n   11  chromedriver                        0x000000010f69b9ad chromedriver + 4680109\n   12  chromedriver                        0x000000010f6a0c12 chromedriver + 4701202\n   13  chromedriver                        0x000000010f6a779f chromedriver + 4728735\n   14  chromedriver                        0x000000010f6a1b7a chromedriver + 4705146\n   15  chromedriver                        0x000000010f67427e chromedriver + 4518526\n   16  chromedriver                        0x000000010f6c1908 chromedriver + 4835592\n   17  chromedriver                        0x000000010f6c1a87 chromedriver + 4835975\n   18  chromedriver                        0x000000010f6d100f chromedriver + 4898831\n   19  libsystem_pthread.dylib             0x00007fff6b87b109 _pthread_start + 148\n   20  libsystem_pthread.dylib             0x00007fff6b876b8b thread_start + 15\n", "test_name": "test_banner_isdisplayed", "rerun": "0"}}, "suite_name": "tests/frontend/HomePage/test_banner_verify.py"}, "1": {"suite_name": "tests/frontend/end_to_end/test_end_to_end_checkout_guest_user.py", "tests": {"0": {"status": "FAIL", "message": "   selenium.common.exceptions.TimeoutException: Message: \n   Stacktrace:\n   0   chromedriver                        0x0000000102a7aae8 chromedriver + 4958952\n   1   chromedriver                        0x0000000102a727b3 chromedriver + 4925363\n   2   chromedriver                        0x00000001026341d6 chromedriver + 475606\n   3   chromedriver                        0x0000000102677a20 chromedriver + 752160\n   4   chromedriver                        0x0000000102677c81 chromedriver + 752769\n   5   chromedriver                        0x00000001026bbf64 chromedriver + 1032036\n   6   chromedriver                        0x000000010269dc3d chromedriver + 908349\n   7   chromedriver                        0x00000001026b925b chromedriver + 1020507\n   8   chromedriver                        0x000000010269d9e3 chromedriver + 907747\n   9   chromedriver                        0x0000000102667aef chromedriver + 686831\n   10  chromedriver                        0x000000010266900e chromedriver + 692238\n   11  chromedriver                        0x0000000102a369ad chromedriver + 4680109\n   12  chromedriver                        0x0000000102a3bc12 chromedriver + 4701202\n   13  chromedriver                        0x0000000102a4279f chromedriver + 4728735\n   14  chromedriver                        0x0000000102a3cb7a chromedriver + 4705146\n   15  chromedriver                        0x0000000102a0f27e chromedriver + 4518526\n   16  chromedriver                        0x0000000102a5c908 chromedriver + 4835592\n   17  chromedriver                        0x0000000102a5ca87 chromedriver + 4835975\n   18  chromedriver                        0x0000000102a6c00f chromedriver + 4898831\n   19  libsystem_pthread.dylib             0x00007fff6b87b109 _pthread_start + 148\n   20  libsystem_pthread.dylib             0x00007fff6b876b8b thread_start + 15\n", "test_name": "test_end_to_end_checkout_guest_user", "rerun": "0"}}, "status": {"total_pass": 0, "total_skip": 0, "total_xpass": 0, "total_xfail": 0, "total_rerun": 0, "total_fail": 1, "total_error": 0}}}}, "date": "April 26, 2023", "start_time": 1682532491.762783, "total_suite": 2, "status": "FAIL", "status_list": {"pass": "0", "fail": "2", "skip": "0", "error": "0", "xpass": "0", "xfail": "0", "rerun": "0"}, "total_tests": "2"}