{"content": {"suites": {"0": {"status": {"total_pass": 1, "total_skip": 0, "total_xpass": 0, "total_xfail": 0, "total_rerun": 0, "total_fail": 0, "total_error": 0}, "tests": {"0": {"status": "PASS", "message": "", "test_name": "test_healthcheck", "rerun": "0"}}, "suite_name": "tests/test_healthcheck.py"}, "1": {"suite_name": "tests/frontend/end_to_end/test_end_to_end_checkout_guest_user.py", "tests": {"0": {"status": "FAIL", "message": "   selenium.common.exceptions.WebDriverException: Message: unknown error: net::ERR_CONNECTION_REFUSED\n     (Session info: chrome=112.0.5615.49)\n   Stacktrace:\n   0   chromedriver                        0x000000010392dae8 chromedriver + 4958952\n   1   chromedriver                        0x00000001039257b3 chromedriver + 4925363\n   2   chromedriver                        0x00000001034e71d6 chromedriver + 475606\n   3   chromedriver                        0x00000001034dedeb chromedriver + 441835\n   4   chromedriver                        0x00000001034d00ec chromedriver + 381164\n   5   chromedriver                        0x00000001034d1b41 chromedriver + 387905\n   6   chromedriver                        0x00000001034d0476 chromedriver + 382070\n   7   chromedriver                        0x00000001034cf18b chromedriver + 377227\n   8   chromedriver                        0x00000001034ceffb chromedriver + 376827\n   9   chromedriver                        0x00000001034cd81a chromedriver + 370714\n   10  chromedriver                        0x00000001034cdbdd chromedriver + 371677\n   11  chromedriver                        0x00000001034e94c6 chromedriver + 484550\n   12  chromedriver                        0x000000010356c8c1 chromedriver + 1022145\n   13  chromedriver                        0x0000000103550c12 chromedriver + 908306\n   14  chromedriver                        0x000000010356c25b chromedriver + 1020507\n   15  chromedriver                        0x00000001035509e3 chromedriver + 907747\n   16  chromedriver                        0x000000010351aaef chromedriver + 686831\n   17  chromedriver                        0x000000010351c00e chromedriver + 692238\n   18  chromedriver                        0x00000001038e99ad chromedriver + 4680109\n   19  chromedriver                        0x00000001038eec12 chromedriver + 4701202\n   20  chromedriver                        0x00000001038f579f chromedriver + 4728735\n   21  chromedriver                        0x00000001038efb7a chromedriver + 4705146\n   22  chromedriver                        0x00000001038c227e chromedriver + 4518526\n   23  chromedriver                        0x000000010390f908 chromedriver + 4835592\n   24  chromedriver                        0x000000010390fa87 chromedriver + 4835975\n   25  chromedriver                        0x000000010391f00f chromedriver + 4898831\n   26  libsystem_pthread.dylib             0x00007fff6b87b109 _pthread_start + 148\n   27  libsystem_pthread.dylib             0x00007fff6b876b8b thread_start + 15\n", "test_name": "test_end_to_end_checkout_guest_user", "rerun": "0"}}, "status": {"total_pass": 0, "total_skip": 0, "total_xpass": 0, "total_xfail": 0, "total_rerun": 0, "total_fail": 1, "total_error": 0}}, "2": {"suite_name": "tests/frontend/my_account/test_login_negative.py", "tests": {"0": {"status": "FAIL", "message": "   selenium.common.exceptions.WebDriverException: Message: unknown error: net::ERR_CONNECTION_REFUSED\n     (Session info: chrome=112.0.5615.49)\n   Stacktrace:\n   0   chromedriver                        0x0000000107b97ae8 chromedriver + 4958952\n   1   chromedriver                        0x0000000107b8f7b3 chromedriver + 4925363\n   2   chromedriver                        0x00000001077511d6 chromedriver + 475606\n   3   chromedriver                        0x0000000107748deb chromedriver + 441835\n   4   chromedriver                        0x000000010773a0ec chromedriver + 381164\n   5   chromedriver                        0x000000010773bb41 chromedriver + 387905\n   6   chromedriver                        0x000000010773a476 chromedriver + 382070\n   7   chromedriver                        0x000000010773918b chromedriver + 377227\n   8   chromedriver                        0x0000000107738ffb chromedriver + 376827\n   9   chromedriver                        0x000000010773781a chromedriver + 370714\n   10  chromedriver                        0x0000000107737bdd chromedriver + 371677\n   11  chromedriver                        0x00000001077534c6 chromedriver + 484550\n   12  chromedriver                        0x00000001077d68c1 chromedriver + 1022145\n   13  chromedriver                        0x00000001077bac12 chromedriver + 908306\n   14  chromedriver                        0x00000001077d625b chromedriver + 1020507\n   15  chromedriver                        0x00000001077ba9e3 chromedriver + 907747\n   16  chromedriver                        0x0000000107784aef chromedriver + 686831\n   17  chromedriver                        0x000000010778600e chromedriver + 692238\n   18  chromedriver                        0x0000000107b539ad chromedriver + 4680109\n   19  chromedriver                        0x0000000107b58c12 chromedriver + 4701202\n   20  chromedriver                        0x0000000107b5f79f chromedriver + 4728735\n   21  chromedriver                        0x0000000107b59b7a chromedriver + 4705146\n   22  chromedriver                        0x0000000107b2c27e chromedriver + 4518526\n   23  chromedriver                        0x0000000107b79908 chromedriver + 4835592\n   24  chromedriver                        0x0000000107b79a87 chromedriver + 4835975\n   25  chromedriver                        0x0000000107b8900f chromedriver + 4898831\n   26  libsystem_pthread.dylib             0x00007fff6b87b109 _pthread_start + 148\n   27  libsystem_pthread.dylib             0x00007fff6b876b8b thread_start + 15\n", "test_name": "test_login_none_existing_user", "rerun": "0"}}, "status": {"total_pass": 0, "total_skip": 0, "total_xpass": 0, "total_xfail": 0, "total_rerun": 0, "total_fail": 1, "total_error": 0}}, "3": {"suite_name": "tests/frontend/my_account/test_register_new_user.py", "tests": {"0": {"status": "FAIL", "message": "   selenium.common.exceptions.WebDriverException: Message: unknown error: net::ERR_CONNECTION_REFUSED\n     (Session info: chrome=112.0.5615.49)\n   Stacktrace:\n   0   chromedriver                        0x0000000106cb9ae8 chromedriver + 4958952\n   1   chromedriver                        0x0000000106cb17b3 chromedriver + 4925363\n   2   chromedriver                        0x00000001068731d6 chromedriver + 475606\n   3   chromedriver                        0x000000010686adeb chromedriver + 441835\n   4   chromedriver                        0x000000010685c0ec chromedriver + 381164\n   5   chromedriver                        0x000000010685db41 chromedriver + 387905\n   6   chromedriver                        0x000000010685c476 chromedriver + 382070\n   7   chromedriver                        0x000000010685b18b chromedriver + 377227\n   8   chromedriver                        0x000000010685affb chromedriver + 376827\n   9   chromedriver                        0x000000010685981a chromedriver + 370714\n   10  chromedriver                        0x0000000106859bdd chromedriver + 371677\n   11  chromedriver                        0x00000001068754c6 chromedriver + 484550\n   12  chromedriver                        0x00000001068f88c1 chromedriver + 1022145\n   13  chromedriver                        0x00000001068dcc12 chromedriver + 908306\n   14  chromedriver                        0x00000001068f825b chromedriver + 1020507\n   15  chromedriver                        0x00000001068dc9e3 chromedriver + 907747\n   16  chromedriver                        0x00000001068a6aef chromedriver + 686831\n   17  chromedriver                        0x00000001068a800e chromedriver + 692238\n   18  chromedriver                        0x0000000106c759ad chromedriver + 4680109\n   19  chromedriver                        0x0000000106c7ac12 chromedriver + 4701202\n   20  chromedriver                        0x0000000106c8179f chromedriver + 4728735\n   21  chromedriver                        0x0000000106c7bb7a chromedriver + 4705146\n   22  chromedriver                        0x0000000106c4e27e chromedriver + 4518526\n   23  chromedriver                        0x0000000106c9b908 chromedriver + 4835592\n   24  chromedriver                        0x0000000106c9ba87 chromedriver + 4835975\n   25  chromedriver                        0x0000000106cab00f chromedriver + 4898831\n   26  libsystem_pthread.dylib             0x00007fff6b87b109 _pthread_start + 148\n   27  libsystem_pthread.dylib             0x00007fff6b876b8b thread_start + 15\n", "test_name": "test_register_valid_new_user", "rerun": "0"}}, "status": {"total_pass": 0, "total_skip": 0, "total_xpass": 0, "total_xfail": 0, "total_rerun": 0, "total_fail": 1, "total_error": 0}}}}, "date": "April 25, 2023", "start_time": 1682447109.545561, "total_suite": 4, "status": "FAIL", "status_list": {"pass": "1", "fail": "3", "skip": "0", "error": "0", "xpass": "0", "xfail": "0", "rerun": "0"}, "total_tests": "4"}