{"content": {"suites": {"0": {"status": {"total_pass": 0, "total_skip": 0, "total_xpass": 0, "total_xfail": 0, "total_rerun": 0, "total_fail": 1, "total_error": 0}, "tests": {"0": {"status": "FAIL", "message": "   selenium.common.exceptions.WebDriverException: Message: unknown error: net::ERR_CONNECTION_REFUSED\n     (Session info: chrome=112.0.5615.49)\n   Stacktrace:\n   0   chromedriver                        0x0000000109b1aae8 chromedriver + 4958952\n   1   chromedriver                        0x0000000109b127b3 chromedriver + 4925363\n   2   chromedriver                        0x00000001096d41d6 chromedriver + 475606\n   3   chromedriver                        0x00000001096cbdeb chromedriver + 441835\n   4   chromedriver                        0x00000001096bd0ec chromedriver + 381164\n   5   chromedriver                        0x00000001096beb41 chromedriver + 387905\n   6   chromedriver                        0x00000001096bd476 chromedriver + 382070\n   7   chromedriver                        0x00000001096bc18b chromedriver + 377227\n   8   chromedriver                        0x00000001096bbffb chromedriver + 376827\n   9   chromedriver                        0x00000001096ba81a chromedriver + 370714\n   10  chromedriver                        0x00000001096babdd chromedriver + 371677\n   11  chromedriver                        0x00000001096d64c6 chromedriver + 484550\n   12  chromedriver                        0x00000001097598c1 chromedriver + 1022145\n   13  chromedriver                        0x000000010973dc12 chromedriver + 908306\n   14  chromedriver                        0x000000010975925b chromedriver + 1020507\n   15  chromedriver                        0x000000010973d9e3 chromedriver + 907747\n   16  chromedriver                        0x0000000109707aef chromedriver + 686831\n   17  chromedriver                        0x000000010970900e chromedriver + 692238\n   18  chromedriver                        0x0000000109ad69ad chromedriver + 4680109\n   19  chromedriver                        0x0000000109adbc12 chromedriver + 4701202\n   20  chromedriver                        0x0000000109ae279f chromedriver + 4728735\n   21  chromedriver                        0x0000000109adcb7a chromedriver + 4705146\n   22  chromedriver                        0x0000000109aaf27e chromedriver + 4518526\n   23  chromedriver                        0x0000000109afc908 chromedriver + 4835592\n   24  chromedriver                        0x0000000109afca87 chromedriver + 4835975\n   25  chromedriver                        0x0000000109b0c00f chromedriver + 4898831\n   26  libsystem_pthread.dylib             0x00007fff6b87b109 _pthread_start + 148\n   27  libsystem_pthread.dylib             0x00007fff6b876b8b thread_start + 15\n", "test_name": "test_banner_isdisplayed", "rerun": "0"}}, "suite_name": "tests/frontend/HomePage/test_banner_verify.py"}, "1": {"suite_name": "tests/frontend/end_to_end/test_end_to_end_checkout_guest_user.py", "tests": {"0": {"status": "FAIL", "message": "   selenium.common.exceptions.WebDriverException: Message: unknown error: net::ERR_CONNECTION_REFUSED\n     (Session info: chrome=112.0.5615.49)\n   Stacktrace:\n   0   chromedriver                        0x0000000105b20ae8 chromedriver + 4958952\n   1   chromedriver                        0x0000000105b187b3 chromedriver + 4925363\n   2   chromedriver                        0x00000001056da1d6 chromedriver + 475606\n   3   chromedriver                        0x00000001056d1deb chromedriver + 441835\n   4   chromedriver                        0x00000001056c30ec chromedriver + 381164\n   5   chromedriver                        0x00000001056c4b41 chromedriver + 387905\n   6   chromedriver                        0x00000001056c3476 chromedriver + 382070\n   7   chromedriver                        0x00000001056c218b chromedriver + 377227\n   8   chromedriver                        0x00000001056c1ffb chromedriver + 376827\n   9   chromedriver                        0x00000001056c081a chromedriver + 370714\n   10  chromedriver                        0x00000001056c0bdd chromedriver + 371677\n   11  chromedriver                        0x00000001056dc4c6 chromedriver + 484550\n   12  chromedriver                        0x000000010575f8c1 chromedriver + 1022145\n   13  chromedriver                        0x0000000105743c12 chromedriver + 908306\n   14  chromedriver                        0x000000010575f25b chromedriver + 1020507\n   15  chromedriver                        0x00000001057439e3 chromedriver + 907747\n   16  chromedriver                        0x000000010570daef chromedriver + 686831\n   17  chromedriver                        0x000000010570f00e chromedriver + 692238\n   18  chromedriver                        0x0000000105adc9ad chromedriver + 4680109\n   19  chromedriver                        0x0000000105ae1c12 chromedriver + 4701202\n   20  chromedriver                        0x0000000105ae879f chromedriver + 4728735\n   21  chromedriver                        0x0000000105ae2b7a chromedriver + 4705146\n   22  chromedriver                        0x0000000105ab527e chromedriver + 4518526\n   23  chromedriver                        0x0000000105b02908 chromedriver + 4835592\n   24  chromedriver                        0x0000000105b02a87 chromedriver + 4835975\n   25  chromedriver                        0x0000000105b1200f chromedriver + 4898831\n   26  libsystem_pthread.dylib             0x00007fff6b87b109 _pthread_start + 148\n   27  libsystem_pthread.dylib             0x00007fff6b876b8b thread_start + 15\n", "test_name": "test_end_to_end_checkout_guest_user", "rerun": "0"}}, "status": {"total_pass": 0, "total_skip": 0, "total_xpass": 0, "total_xfail": 0, "total_rerun": 0, "total_fail": 1, "total_error": 0}}}}, "date": "April 26, 2023", "start_time": 1682524800.580656, "total_suite": 2, "status": "FAIL", "status_list": {"pass": "0", "fail": "2", "skip": "0", "error": "0", "xpass": "0", "xfail": "0", "rerun": "0"}, "total_tests": "2"}