{"content": {"suites": {"0": {"status": {"total_pass": 0, "total_skip": 0, "total_xpass": 0, "total_xfail": 0, "total_rerun": 0, "total_fail": 1, "total_error": 0}, "tests": {"0": {"status": "FAIL", "message": "   selenium.common.exceptions.WebDriverException: Message: unknown error: net::ERR_CONNECTION_REFUSED\n     (Session info: chrome=112.0.5615.49)\n   Stacktrace:\n   0   chromedriver                        0x0000000109f90ae8 chromedriver + 4958952\n   1   chromedriver                        0x0000000109f887b3 chromedriver + 4925363\n   2   chromedriver                        0x0000000109b4a1d6 chromedriver + 475606\n   3   chromedriver                        0x0000000109b41deb chromedriver + 441835\n   4   chromedriver                        0x0000000109b330ec chromedriver + 381164\n   5   chromedriver                        0x0000000109b34b41 chromedriver + 387905\n   6   chromedriver                        0x0000000109b33476 chromedriver + 382070\n   7   chromedriver                        0x0000000109b3218b chromedriver + 377227\n   8   chromedriver                        0x0000000109b31ffb chromedriver + 376827\n   9   chromedriver                        0x0000000109b3081a chromedriver + 370714\n   10  chromedriver                        0x0000000109b30bdd chromedriver + 371677\n   11  chromedriver                        0x0000000109b4c4c6 chromedriver + 484550\n   12  chromedriver                        0x0000000109bcf8c1 chromedriver + 1022145\n   13  chromedriver                        0x0000000109bb3c12 chromedriver + 908306\n   14  chromedriver                        0x0000000109bcf25b chromedriver + 1020507\n   15  chromedriver                        0x0000000109bb39e3 chromedriver + 907747\n   16  chromedriver                        0x0000000109b7daef chromedriver + 686831\n   17  chromedriver                        0x0000000109b7f00e chromedriver + 692238\n   18  chromedriver                        0x0000000109f4c9ad chromedriver + 4680109\n   19  chromedriver                        0x0000000109f51c12 chromedriver + 4701202\n   20  chromedriver                        0x0000000109f5879f chromedriver + 4728735\n   21  chromedriver                        0x0000000109f52b7a chromedriver + 4705146\n   22  chromedriver                        0x0000000109f2527e chromedriver + 4518526\n   23  chromedriver                        0x0000000109f72908 chromedriver + 4835592\n   24  chromedriver                        0x0000000109f72a87 chromedriver + 4835975\n   25  chromedriver                        0x0000000109f8200f chromedriver + 4898831\n   26  libsystem_pthread.dylib             0x00007fff6b87b109 _pthread_start + 148\n   27  libsystem_pthread.dylib             0x00007fff6b876b8b thread_start + 15\n", "test_name": "test_banner_isdisplayed", "rerun": "0"}}, "suite_name": "tests/frontend/HomePage/test_banner_verify.py"}, "1": {"suite_name": "tests/frontend/end_to_end/test_end_to_end_checkout_guest_user.py", "tests": {"0": {"status": "FAIL", "message": "   selenium.common.exceptions.WebDriverException: Message: unknown error: net::ERR_CONNECTION_REFUSED\n     (Session info: chrome=112.0.5615.49)\n   Stacktrace:\n   0   chromedriver                        0x000000010a48cae8 chromedriver + 4958952\n   1   chromedriver                        0x000000010a4847b3 chromedriver + 4925363\n   2   chromedriver                        0x000000010a0461d6 chromedriver + 475606\n   3   chromedriver                        0x000000010a03ddeb chromedriver + 441835\n   4   chromedriver                        0x000000010a02f0ec chromedriver + 381164\n   5   chromedriver                        0x000000010a030b41 chromedriver + 387905\n   6   chromedriver                        0x000000010a02f476 chromedriver + 382070\n   7   chromedriver                        0x000000010a02e18b chromedriver + 377227\n   8   chromedriver                        0x000000010a02dffb chromedriver + 376827\n   9   chromedriver                        0x000000010a02c81a chromedriver + 370714\n   10  chromedriver                        0x000000010a02cbdd chromedriver + 371677\n   11  chromedriver                        0x000000010a0484c6 chromedriver + 484550\n   12  chromedriver                        0x000000010a0cb8c1 chromedriver + 1022145\n   13  chromedriver                        0x000000010a0afc12 chromedriver + 908306\n   14  chromedriver                        0x000000010a0cb25b chromedriver + 1020507\n   15  chromedriver                        0x000000010a0af9e3 chromedriver + 907747\n   16  chromedriver                        0x000000010a079aef chromedriver + 686831\n   17  chromedriver                        0x000000010a07b00e chromedriver + 692238\n   18  chromedriver                        0x000000010a4489ad chromedriver + 4680109\n   19  chromedriver                        0x000000010a44dc12 chromedriver + 4701202\n   20  chromedriver                        0x000000010a45479f chromedriver + 4728735\n   21  chromedriver                        0x000000010a44eb7a chromedriver + 4705146\n   22  chromedriver                        0x000000010a42127e chromedriver + 4518526\n   23  chromedriver                        0x000000010a46e908 chromedriver + 4835592\n   24  chromedriver                        0x000000010a46ea87 chromedriver + 4835975\n   25  chromedriver                        0x000000010a47e00f chromedriver + 4898831\n   26  libsystem_pthread.dylib             0x00007fff6b87b109 _pthread_start + 148\n   27  libsystem_pthread.dylib             0x00007fff6b876b8b thread_start + 15\n", "test_name": "test_end_to_end_checkout_guest_user", "rerun": "0"}}, "status": {"total_pass": 0, "total_skip": 0, "total_xpass": 0, "total_xfail": 0, "total_rerun": 0, "total_fail": 1, "total_error": 0}}}}, "date": "April 26, 2023", "start_time": 1682525186.738179, "total_suite": 2, "status": "FAIL", "status_list": {"pass": "0", "fail": "2", "skip": "0", "error": "0", "xpass": "0", "xfail": "0", "rerun": "0"}, "total_tests": "2"}