{"content": {"suites": {"0": {"status": {"total_pass": 0, "total_skip": 0, "total_xpass": 0, "total_xfail": 0, "total_rerun": 0, "total_fail": 1, "total_error": 0}, "tests": {"0": {"status": "FAIL", "message": "   selenium.common.exceptions.TimeoutException: Message: Element with locator ('css selector', 'td div.wpfront-message.wpfront-div strong') not found after timeout of 5\n   Stacktrace:\n   0   chromedriver                        0x000000010208fae8 chromedriver + 4958952\n   1   chromedriver                        0x00000001020877b3 chromedriver + 4925363\n   2   chromedriver                        0x0000000101c491d6 chromedriver + 475606\n   3   chromedriver                        0x0000000101c8ca20 chromedriver + 752160\n   4   chromedriver                        0x0000000101c8cc81 chromedriver + 752769\n   5   chromedriver                        0x0000000101cd0f64 chromedriver + 1032036\n   6   chromedriver                        0x0000000101cb2c3d chromedriver + 908349\n   7   chromedriver                        0x0000000101cce25b chromedriver + 1020507\n   8   chromedriver                        0x0000000101cb29e3 chromedriver + 907747\n   9   chromedriver                        0x0000000101c7caef chromedriver + 686831\n   10  chromedriver                        0x0000000101c7e00e chromedriver + 692238\n   11  chromedriver                        0x000000010204b9ad chromedriver + 4680109\n   12  chromedriver                        0x0000000102050c12 chromedriver + 4701202\n   13  chromedriver                        0x000000010205779f chromedriver + 4728735\n   14  chromedriver                        0x0000000102051b7a chromedriver + 4705146\n   15  chromedriver                        0x000000010202427e chromedriver + 4518526\n   16  chromedriver                        0x0000000102071908 chromedriver + 4835592\n   17  chromedriver                        0x0000000102071a87 chromedriver + 4835975\n   18  chromedriver                        0x000000010208100f chromedriver + 4898831\n   19  libsystem_pthread.dylib             0x00007fff6b87b109 _pthread_start + 148\n   20  libsystem_pthread.dylib             0x00007fff6b876b8b thread_start + 15\n", "test_name": "test_banner_isdisplayed", "rerun": "0"}}, "suite_name": "tests/frontend/HomePage/test_banner_verify.py"}, "1": {"suite_name": "tests/frontend/end_to_end/test_end_to_end_checkout_guest_user.py", "tests": {"0": {"status": "FAIL", "message": "   selenium.common.exceptions.TimeoutException: Message: \n   Stacktrace:\n   0   chromedriver                        0x000000010b7e1ae8 chromedriver + 4958952\n   1   chromedriver                        0x000000010b7d97b3 chromedriver + 4925363\n   2   chromedriver                        0x000000010b39b1d6 chromedriver + 475606\n   3   chromedriver                        0x000000010b3dea20 chromedriver + 752160\n   4   chromedriver                        0x000000010b3dec81 chromedriver + 752769\n   5   chromedriver                        0x000000010b422f64 chromedriver + 1032036\n   6   chromedriver                        0x000000010b404c3d chromedriver + 908349\n   7   chromedriver                        0x000000010b42025b chromedriver + 1020507\n   8   chromedriver                        0x000000010b4049e3 chromedriver + 907747\n   9   chromedriver                        0x000000010b3ceaef chromedriver + 686831\n   10  chromedriver                        0x000000010b3d000e chromedriver + 692238\n   11  chromedriver                        0x000000010b79d9ad chromedriver + 4680109\n   12  chromedriver                        0x000000010b7a2c12 chromedriver + 4701202\n   13  chromedriver                        0x000000010b7a979f chromedriver + 4728735\n   14  chromedriver                        0x000000010b7a3b7a chromedriver + 4705146\n   15  chromedriver                        0x000000010b77627e chromedriver + 4518526\n   16  chromedriver                        0x000000010b7c3908 chromedriver + 4835592\n   17  chromedriver                        0x000000010b7c3a87 chromedriver + 4835975\n   18  chromedriver                        0x000000010b7d300f chromedriver + 4898831\n   19  libsystem_pthread.dylib             0x00007fff6b87b109 _pthread_start + 148\n   20  libsystem_pthread.dylib             0x00007fff6b876b8b thread_start + 15\n", "test_name": "test_end_to_end_checkout_guest_user", "rerun": "0"}}, "status": {"total_pass": 0, "total_skip": 0, "total_xpass": 0, "total_xfail": 0, "total_rerun": 0, "total_fail": 1, "total_error": 0}}}}, "date": "April 26, 2023", "start_time": 1682532318.042037, "total_suite": 2, "status": "FAIL", "status_list": {"pass": "0", "fail": "2", "skip": "0", "error": "0", "xpass": "0", "xfail": "0", "rerun": "0"}, "total_tests": "2"}