{"content": {"suites": {"0": {"status": {"total_pass": 1, "total_skip": 0, "total_xpass": 0, "total_xfail": 0, "total_rerun": 0, "total_fail": 0, "total_error": 0}, "tests": {"0": {"status": "PASS", "message": "", "test_name": "test_healthcheck", "rerun": "0"}}, "suite_name": "ecom_uat_automation_pytest/tests/test_healthcheck.py"}, "1": {"suite_name": "ecom_uat_automation_pytest/tests/frontend/end_to_end/test_end_to_end_checkout_guest_user.py", "tests": {"0": {"status": "FAIL", "message": "   selenium.common.exceptions.WebDriverException: Message: unknown error: net::ERR_CONNECTION_REFUSED\n     (Session info: chrome=112.0.5615.49)\n   Stacktrace:\n   0   chromedriver                        0x00000001017adae8 chromedriver + 4958952\n   1   chromedriver                        0x00000001017a57b3 chromedriver + 4925363\n   2   chromedriver                        0x00000001013671d6 chromedriver + 475606\n   3   chromedriver                        0x000000010135edeb chromedriver + 441835\n   4   chromedriver                        0x00000001013500ec chromedriver + 381164\n   5   chromedriver                        0x0000000101351b41 chromedriver + 387905\n   6   chromedriver                        0x0000000101350476 chromedriver + 382070\n   7   chromedriver                        0x000000010134f18b chromedriver + 377227\n   8   chromedriver                        0x000000010134effb chromedriver + 376827\n   9   chromedriver                        0x000000010134d81a chromedriver + 370714\n   10  chromedriver                        0x000000010134dbdd chromedriver + 371677\n   11  chromedriver                        0x00000001013694c6 chromedriver + 484550\n   12  chromedriver                        0x00000001013ec8c1 chromedriver + 1022145\n   13  chromedriver                        0x00000001013d0c12 chromedriver + 908306\n   14  chromedriver                        0x00000001013ec25b chromedriver + 1020507\n   15  chromedriver                        0x00000001013d09e3 chromedriver + 907747\n   16  chromedriver                        0x000000010139aaef chromedriver + 686831\n   17  chromedriver                        0x000000010139c00e chromedriver + 692238\n   18  chromedriver                        0x00000001017699ad chromedriver + 4680109\n   19  chromedriver                        0x000000010176ec12 chromedriver + 4701202\n   20  chromedriver                        0x000000010177579f chromedriver + 4728735\n   21  chromedriver                        0x000000010176fb7a chromedriver + 4705146\n   22  chromedriver                        0x000000010174227e chromedriver + 4518526\n   23  chromedriver                        0x000000010178f908 chromedriver + 4835592\n   24  chromedriver                        0x000000010178fa87 chromedriver + 4835975\n   25  chromedriver                        0x000000010179f00f chromedriver + 4898831\n   26  libsystem_pthread.dylib             0x00007fff6b87b109 _pthread_start + 148\n   27  libsystem_pthread.dylib             0x00007fff6b876b8b thread_start + 15\n", "test_name": "test_end_to_end_checkout_guest_user", "rerun": "0"}}, "status": {"total_pass": 0, "total_skip": 0, "total_xpass": 0, "total_xfail": 0, "total_rerun": 0, "total_fail": 1, "total_error": 0}}, "2": {"suite_name": "ecom_uat_automation_pytest/tests/frontend/my_account/test_login_negative.py", "tests": {"0": {"status": "FAIL", "message": "   selenium.common.exceptions.WebDriverException: Message: unknown error: net::ERR_CONNECTION_REFUSED\n     (Session info: chrome=112.0.5615.49)\n   Stacktrace:\n   0   chromedriver                        0x000000010aea7ae8 chromedriver + 4958952\n   1   chromedriver                        0x000000010ae9f7b3 chromedriver + 4925363\n   2   chromedriver                        0x000000010aa611d6 chromedriver + 475606\n   3   chromedriver                        0x000000010aa58deb chromedriver + 441835\n   4   chromedriver                        0x000000010aa4a0ec chromedriver + 381164\n   5   chromedriver                        0x000000010aa4bb41 chromedriver + 387905\n   6   chromedriver                        0x000000010aa4a476 chromedriver + 382070\n   7   chromedriver                        0x000000010aa4918b chromedriver + 377227\n   8   chromedriver                        0x000000010aa48ffb chromedriver + 376827\n   9   chromedriver                        0x000000010aa4781a chromedriver + 370714\n   10  chromedriver                        0x000000010aa47bdd chromedriver + 371677\n   11  chromedriver                        0x000000010aa634c6 chromedriver + 484550\n   12  chromedriver                        0x000000010aae68c1 chromedriver + 1022145\n   13  chromedriver                        0x000000010aacac12 chromedriver + 908306\n   14  chromedriver                        0x000000010aae625b chromedriver + 1020507\n   15  chromedriver                        0x000000010aaca9e3 chromedriver + 907747\n   16  chromedriver                        0x000000010aa94aef chromedriver + 686831\n   17  chromedriver                        0x000000010aa9600e chromedriver + 692238\n   18  chromedriver                        0x000000010ae639ad chromedriver + 4680109\n   19  chromedriver                        0x000000010ae68c12 chromedriver + 4701202\n   20  chromedriver                        0x000000010ae6f79f chromedriver + 4728735\n   21  chromedriver                        0x000000010ae69b7a chromedriver + 4705146\n   22  chromedriver                        0x000000010ae3c27e chromedriver + 4518526\n   23  chromedriver                        0x000000010ae89908 chromedriver + 4835592\n   24  chromedriver                        0x000000010ae89a87 chromedriver + 4835975\n   25  chromedriver                        0x000000010ae9900f chromedriver + 4898831\n   26  libsystem_pthread.dylib             0x00007fff6b87b109 _pthread_start + 148\n   27  libsystem_pthread.dylib             0x00007fff6b876b8b thread_start + 15\n", "test_name": "test_login_none_existing_user", "rerun": "0"}}, "status": {"total_pass": 0, "total_skip": 0, "total_xpass": 0, "total_xfail": 0, "total_rerun": 0, "total_fail": 1, "total_error": 0}}, "3": {"suite_name": "ecom_uat_automation_pytest/tests/frontend/my_account/test_register_new_user.py", "tests": {"0": {"status": "FAIL", "message": "   selenium.common.exceptions.WebDriverException: Message: unknown error: net::ERR_CONNECTION_REFUSED\n     (Session info: chrome=112.0.5615.49)\n   Stacktrace:\n   0   chromedriver                        0x000000010cfdeae8 chromedriver + 4958952\n   1   chromedriver                        0x000000010cfd67b3 chromedriver + 4925363\n   2   chromedriver                        0x000000010cb981d6 chromedriver + 475606\n   3   chromedriver                        0x000000010cb8fdeb chromedriver + 441835\n   4   chromedriver                        0x000000010cb810ec chromedriver + 381164\n   5   chromedriver                        0x000000010cb82b41 chromedriver + 387905\n   6   chromedriver                        0x000000010cb81476 chromedriver + 382070\n   7   chromedriver                        0x000000010cb8018b chromedriver + 377227\n   8   chromedriver                        0x000000010cb7fffb chromedriver + 376827\n   9   chromedriver                        0x000000010cb7e81a chromedriver + 370714\n   10  chromedriver                        0x000000010cb7ebdd chromedriver + 371677\n   11  chromedriver                        0x000000010cb9a4c6 chromedriver + 484550\n   12  chromedriver                        0x000000010cc1d8c1 chromedriver + 1022145\n   13  chromedriver                        0x000000010cc01c12 chromedriver + 908306\n   14  chromedriver                        0x000000010cc1d25b chromedriver + 1020507\n   15  chromedriver                        0x000000010cc019e3 chromedriver + 907747\n   16  chromedriver                        0x000000010cbcbaef chromedriver + 686831\n   17  chromedriver                        0x000000010cbcd00e chromedriver + 692238\n   18  chromedriver                        0x000000010cf9a9ad chromedriver + 4680109\n   19  chromedriver                        0x000000010cf9fc12 chromedriver + 4701202\n   20  chromedriver                        0x000000010cfa679f chromedriver + 4728735\n   21  chromedriver                        0x000000010cfa0b7a chromedriver + 4705146\n   22  chromedriver                        0x000000010cf7327e chromedriver + 4518526\n   23  chromedriver                        0x000000010cfc0908 chromedriver + 4835592\n   24  chromedriver                        0x000000010cfc0a87 chromedriver + 4835975\n   25  chromedriver                        0x000000010cfd000f chromedriver + 4898831\n   26  libsystem_pthread.dylib             0x00007fff6b87b109 _pthread_start + 148\n   27  libsystem_pthread.dylib             0x00007fff6b876b8b thread_start + 15\n", "test_name": "test_register_valid_new_user", "rerun": "0"}}, "status": {"total_pass": 0, "total_skip": 0, "total_xpass": 0, "total_xfail": 0, "total_rerun": 0, "total_fail": 1, "total_error": 0}}}}, "date": "April 25, 2023", "start_time": 1682446414.3817751, "total_suite": 4, "status": "FAIL", "status_list": {"pass": "1", "fail": "3", "skip": "0", "error": "0", "xpass": "0", "xfail": "0", "rerun": "0"}, "total_tests": "4"}